"../../../Engine/Content/Animation/DefaultAnimCurveCompressionSettings.uasset" 0
"../../../Engine/Content/ArtTools/RenderToTexture/Enums/RenderToTexture_Enum.uasset" 1
"../../../Engine/Content/ArtTools/RenderToTexture/Enums/RenderToTexture_Flipbook_Enum.uasset" 2
"../../../Engine/Content/ArtTools/RenderToTexture/Enums/RenderToTexture_Imposter_Enum.uasset" 3
"../../../Engine/Content/EditorBlueprintResources/StandardMacros.uasset" 4
"../../../Engine/Content/ArtTools/RenderToTexture/Enums/EIntTypes.uasset" 5
"../../../Engine/Content/ArtTools/RenderToTexture/Macros/RenderToTextureFunctionLibrary.uasset" 6
"../../../Engine/Content/ArtTools/RenderToTexture/Enums/EFloatTypes.uasset" 7
"../../../Engine/Content/ArtTools/RenderToTexture/Macros/RenderToTextureMacros.uasset" 8
"../../../Engine/Content/Functions/Engine_MaterialFunctions01/Opacity/CameraDepthFade.uasset" 9
"../../../Engine/Content/EngineMaterials/T_Default_Material_Grid_M.uasset" 10
"../../../Engine/Content/EngineMaterials/T_Default_Material_Grid_N.uasset" 11
"../../../Engine/Content/EngineMaterials/WorldGridMaterial.uasset" 12
"../../../Engine/Content/ArtTools/RenderToTexture/Meshes/S_1_Unit_Plane.uasset" 13
"../../../Engine/Content/EngineMaterials/DefaultMaterial.uasset" 14
"../../../Engine/Content/BasicShapes/Cone.uasset" 15
"../../../Engine/Content/BasicShapes/Cube.uasset" 16
"../../../Engine/Content/BasicShapes/Plane.uasset" 17
"../../../Engine/Content/EngineMaterials/DefaultPhysicalMaterial.uasset" 18
"../../../Engine/Content/BufferVisualization/AmbientOcclusion.uasset" 19
"../../../Engine/Content/BufferVisualization/BaseColor.uasset" 20
"../../../Engine/Content/BufferVisualization/CustomDepth.uasset" 21
"../../../Engine/Content/Functions/Engine_MaterialFunctions02/Utility/VectorLength.uasset" 22
"../../../Engine/Content/BufferVisualization/CustomDepthWorldUnits.uasset" 23
"../../../Engine/Content/Functions/Engine_MaterialFunctions02/Utility/BreakOutFloat2Components.uasset" 24
"../../../Engine/Content/Functions/Engine_MaterialFunctions01/Texturing/ScaleUVsByCenter.uasset" 25
"../../../Engine/Content/Functions/Engine_MaterialFunctions02/ScreenResolution.uasset" 26
"../../../Engine/Content/Functions/Engine_MaterialFunctions02/Texturing/ScreenAlignedUVs.uasset" 27
"../../../Engine/Content/Functions/Engine_MaterialFunctions02/Utility/MakeFloat2.uasset" 28
"../../../Engine/Content/Functions/Engine_MaterialFunctions02/Utility/MakeFloat3.uasset" 29
"../../../Engine/Content/EngineMaterials/MiniFont.uasset" 30
"../../../Engine/Content/BufferVisualization/CustomStencil.uasset" 31
"../../../Engine/Content/BufferVisualization/FinalImage.uasset" 32
"../../../Engine/Content/BufferVisualization/LightingModel.uasset" 33
"../../../Engine/Content/BufferVisualization/MaterialAO.uasset" 34
"../../../Engine/Content/BufferVisualization/Metallic.uasset" 35
"../../../Engine/Content/BufferVisualization/Opacity.uasset" 36
"../../../Engine/Content/BufferVisualization/PostTonemapHDRColor.uasset" 37
"../../../Engine/Content/BufferVisualization/PreTonemapHDRColor.uasset" 38
"../../../Engine/Content/BufferVisualization/Roughness.uasset" 39
"../../../Engine/Content/BufferVisualization/SceneColor.uasset" 40
"../../../Engine/Content/BufferVisualization/SceneDepth.uasset" 41
"../../../Engine/Content/BufferVisualization/SceneDepthWorldUnits.uasset" 42
"../../../Engine/Content/BufferVisualization/SeparateTranslucencyA.uasset" 43
"../../../Engine/Content/BufferVisualization/SeparateTranslucencyRGB.uasset" 44
"../../../Engine/Content/BufferVisualization/Specular.uasset" 45
"../../../Engine/Content/BufferVisualization/SubsurfaceColor.uasset" 46
"../../../Engine/Content/BufferVisualization/Velocity.uasset" 47
"../../../Engine/Content/BufferVisualization/WorldNormal.uasset" 48
"../../../Engine/Content/EditorBlueprintResources/ActorMacros.uasset" 49
"../../../Engine/Content/EditorLandscapeResources/DataLayer.uasset" 50
"../../../Engine/Content/EditorLandscapeResources/DefaultAlphaTexture.uasset" 51
"../../../Engine/Content/EditorLandscapeResources/LandscapeGizmoHeight_Mat.uasset" 52
"../../../Engine/Content/EditorLandscapeResources/LandscapeGizmo_Mat.uasset" 53
"../../../Engine/Content/EditorLandscapeResources/LandscapeGizmo_Mat_Copied.uasset" 54
"../../../Engine/Content/EditorLandscapeResources/SplineEditorMeshMat.uasset" 55
"../../../Engine/Content/EditorLandscapeResources/SplineEditorMesh.uasset" 56
"../../../Engine/Content/EditorMaterials/Cross.uasset" 57
"../../../Engine/Content/EditorMaterials/Cross_Mat.uasset" 58
"../../../Engine/Content/EditorMaterials/GizmoMaterial.uasset" 59
"../../../Engine/Content/Functions/Engine_MaterialFunctions02/ExampleContent/Textures/flipbook.uasset" 60
"../../../Engine/Content/Functions/Engine_MaterialFunctions02/Texturing/FlipBook.uasset" 61
"../../../Engine/Content/Functions/Engine_MaterialFunctions02/Utility/Sign.uasset" 62
"../../../Engine/Content/Functions/Engine_MaterialFunctions02/Utility/Round.uasset" 63
"../../../Engine/Content/EditorResources/T_EditorHelp.uasset" 64
"../../../Engine/Content/EditorMaterials/HelpActorMaterial.uasset" 65
"../../../Engine/Content/EditorMaterials/CompositeARGBLayer.uasset" 66
"../../../Engine/Content/EditorMaterials/TilingAALineIntegral.uasset" 67
"../../../Engine/Content/EditorMaterials/TilingAALineBoxFiltered.uasset" 68
"../../../Engine/Content/Functions/Engine_MaterialFunctions03/Procedurals/ComputeFilterWidth.uasset" 69
"../../../Engine/Content/EditorMaterials/TilingAADots.uasset" 70
"../../../Engine/Content/EngineMaterials/BlendFunc_DefBase.uasset" 71
"../../../Engine/Content/EngineMaterials/BlendFunc_DefBlend.uasset" 72
"../../../Engine/Content/Functions/Engine_MaterialFunctions03/Blends/Blend_Screen.uasset" 73
"../../../Engine/Content/EditorMaterials/TilingAAGrid.uasset" 74
"../../../Engine/Content/EditorMaterials/LevelGridMaterial.uasset" 75
"../../../Engine/Content/EditorMaterials/MakeCompositeARGBLayer.uasset" 76
"../../../Engine/Content/EditorResources/LevelGrid1DStripes.uasset" 77
"../../../Engine/Content/EditorMaterials/TextureGridCascaded1D.uasset" 78
"../../../Engine/Content/EditorMaterials/TextureGridCascaded2D.uasset" 79
"../../../Engine/Content/EditorMaterials/LevelGridMaterial2.uasset" 80
"../../../Engine/Content/EditorMaterials/MAT_Groups_Toggle.uasset" 81
"../../../Engine/Content/EditorMaterials/MAT_Groups_Visibility.uasset" 82
"../../../Engine/Content/EditorMaterials/PhAT_BoneSelectedMaterial.uasset" 83
"../../../Engine/Content/EditorMaterials/PhAT_ElemSelectedMaterial.uasset" 84
"../../../Engine/Content/EditorMaterials/PhAT_NoCollisionMaterial.uasset" 85
"../../../Engine/Content/EditorMaterials/PhAT_UnselectedMaterial.uasset" 86
"../../../Engine/Content/EditorMaterials/PreviewShadowIndicator.uasset" 87
"../../../Engine/Content/EditorMaterials/PreviewShadowIndicatorMaterial.uasset" 88
"../../../Engine/Content/EditorMaterials/TargetIcon.uasset" 89
"../../../Engine/Content/EditorMaterials/Tick.uasset" 90
"../../../Engine/Content/EditorMaterials/Tick_Mat.uasset" 91
"../../../Engine/Content/EditorMaterials/WidgetGridVertexColorMaterial.uasset" 92
"../../../Engine/Content/EditorMaterials/WidgetGridVertexColorMaterial_Ma.uasset" 93
"../../../Engine/Content/EditorMaterials/WidgetMaterial.uasset" 94
"../../../Engine/Content/EditorMaterials/WidgetMaterial_Current.uasset" 95
"../../../Engine/Content/EditorMaterials/WidgetMaterial_X.uasset" 96
"../../../Engine/Content/EditorMaterials/WidgetMaterial_Y.uasset" 97
"../../../Engine/Content/EditorMaterials/WidgetMaterial_Z.uasset" 98
"../../../Engine/Content/EditorMaterials/WidgetVertexColorMaterial.uasset" 99
"../../../Engine/Content/EditorMaterials/MatineeGroups/MAT_ColorTrack.uasset" 100
"../../../Engine/Content/EditorMaterials/MatineeGroups/MAT_Groups_Anim.uasset" 101
"../../../Engine/Content/EditorMaterials/MatineeGroups/MAT_Groups_AudioMaster.uasset" 102
"../../../Engine/Content/EditorMaterials/MatineeGroups/MAT_Groups_Director.uasset" 103
"../../../Engine/Content/EditorMaterials/MatineeGroups/MAT_Groups_Event.uasset" 104
"../../../Engine/Content/EditorMaterials/MatineeGroups/MAT_Groups_Fade.uasset" 105
"../../../Engine/Content/EditorMaterials/MatineeGroups/MAT_Groups_Float.uasset" 106
"../../../Engine/Content/EditorMaterials/MatineeGroups/MAT_Groups_Move.uasset" 107
"../../../Engine/Content/EditorMaterials/MatineeGroups/MAT_Groups_Slomo.uasset" 108
"../../../Engine/Content/EditorMaterials/MatineeGroups/MAT_Groups_Sound.uasset" 109
"../../../Engine/Content/EditorMaterials/MatineeGroups/MAT_Groups_Vector.uasset" 110
"../../../Engine/Content/EditorMaterials/ParticleSystems/PSysThumbnail_NoImage.uasset" 111
"../../../Engine/Content/EditorMaterials/ParticleSystems/PSysThumbnail_OOD.uasset" 112
"../../../Engine/Content/EngineMaterials/Grid.uasset" 113
"../../../Engine/Content/EditorMaterials/Thumbnails/FloorPlaneMaterial.uasset" 114
"../../../Engine/Content/EditorMeshes/EditorCube.uasset" 115
"../../../Engine/Content/EditorMeshes/EditorCylinder.uasset" 116
"../../../Engine/Content/EditorMeshes/EditorPlane.uasset" 117
"../../../Engine/Content/EditorMaterials/Thumbnails/SkySphereMaterial.uasset" 118
"../../../Engine/Content/EditorMeshes/EditorSkySphere.uasset" 119
"../../../Engine/Content/EditorMeshes/EditorSphere.uasset" 120
"../../../Engine/Content/EditorResources/MatineeCam_D.uasset" 121
"../../../Engine/Content/EditorMaterials/MatineeCam_mat.uasset" 122
"../../../Engine/Content/EditorMeshes/MatineeCam_SM.uasset" 123
"../../../Engine/Content/EditorMeshes/PlanarReflectionPlane.uasset" 124
"../../../Engine/Content/EditorMaterials/Camera/CineMat.uasset" 125
"../../../Engine/Content/EditorMaterials/Camera/MI_CineMat_CameraBody.uasset" 126
"../../../Engine/Content/EngineDebugMaterials/M_SimpleOpaque.uasset" 127
"../../../Engine/Content/EditorMaterials/Camera/MI_CineMat_CamViewFinder.uasset" 128
"../../../Engine/Content/EditorMeshes/Camera/SM_CineCam.uasset" 129
"../../../Engine/Content/EditorMaterials/Camera/MI_CineMat_Rig.uasset" 130
"../../../Engine/Content/EditorMeshes/Camera/SM_CraneRig_Arm.uasset" 131
"../../../Engine/Content/EditorMeshes/Camera/SM_CraneRig_Base.uasset" 132
"../../../Engine/Content/EditorMeshes/Camera/SM_CraneRig_Body.uasset" 133
"../../../Engine/Content/EditorMeshes/Camera/SM_CraneRig_Mount.uasset" 134
"../../../Engine/Content/EditorMeshes/Camera/SM_RailRig_Mount.uasset" 135
"../../../Engine/Content/EditorMeshes/Camera/SM_RailRig_Track.uasset" 136
"../../../Engine/Content/EditorMeshes/ColorCalibrator/M_ChromeBall.uasset" 137
"../../../Engine/Content/EditorResources/Bad.uasset" 138
"../../../Engine/Content/EditorResources/BSPVertex.uasset" 139
"../../../Engine/Content/EditorResources/EmptyActor.uasset" 140
"../../../Engine/Content/EditorResources/MatInstActSprite.uasset" 141
"../../../Engine/Content/EditorResources/SceneManager.uasset" 142
"../../../Engine/Content/EditorResources/SmallFont.uasset" 143
"../../../Engine/Content/EditorResources/S_Actor.uasset" 144
"../../../Engine/Content/EditorResources/S_DecalActorIcon.uasset" 145
"../../../Engine/Content/EditorResources/S_Emitter.uasset" 146
"../../../Engine/Content/EditorResources/S_ExpoHeightFog.uasset" 147
"../../../Engine/Content/EditorResources/S_FTest.uasset" 148
"../../../Engine/Content/EditorResources/S_KBSJoint.uasset" 149
"../../../Engine/Content/EditorResources/S_KHinge.uasset" 150
"../../../Engine/Content/EditorResources/S_KPrismatic.uasset" 151
"../../../Engine/Content/EditorResources/S_LevelSequence.uasset" 152
"../../../Engine/Content/EditorResources/S_NavP.uasset" 153
"../../../Engine/Content/EditorResources/S_Note.uasset" 154
"../../../Engine/Content/EditorResources/S_Player.uasset" 155
"../../../Engine/Content/EditorResources/S_PortalActorIcon2.uasset" 156
"../../../Engine/Content/EditorResources/S_RadForce.uasset" 157
"../../../Engine/Content/EditorResources/S_ReflActorIcon.uasset" 158
"../../../Engine/Content/EditorResources/S_Solver.uasset" 159
"../../../Engine/Content/EditorResources/S_Terrain.uasset" 160
"../../../Engine/Content/EditorResources/S_TextRenderActorIcon.uasset" 161
"../../../Engine/Content/EditorResources/S_Thruster.uasset" 162
"../../../Engine/Content/EditorResources/S_Trigger.uasset" 163
"../../../Engine/Content/EditorResources/S_VectorFieldVol.uasset" 164
"../../../Engine/Content/EditorResources/S_WindDirectional.uasset" 165
"../../../Engine/Content/EditorResources/AI/S_NavLink.uasset" 166
"../../../Engine/Content/EditorResources/LightIcons/SkyLight.uasset" 167
"../../../Engine/Content/EditorResources/LightIcons/S_LightDirectional.uasset" 168
"../../../Engine/Content/EditorResources/LightIcons/S_LightDirectionalMove.uasset" 169
"../../../Engine/Content/EditorResources/LightIcons/S_LightError.uasset" 170
"../../../Engine/Content/EditorResources/LightIcons/S_LightPoint.uasset" 171
"../../../Engine/Content/EditorResources/LightIcons/S_LightPointMove.uasset" 172
"../../../Engine/Content/EditorResources/LightIcons/S_LightSpot.uasset" 173
"../../../Engine/Content/EditorResources/LightIcons/S_LightSpotMove.uasset" 174
"../../../Engine/Content/EditorResources/SequenceRecorder/Countdown.uasset" 175
"../../../Engine/Content/EditorResources/SequenceRecorder/RecordingIndicator.uasset" 176
"../../../Engine/Content/EditorResources/Spline/T_Loft_Spline.uasset" 177
"../../../Engine/Content/EditorSounds/Notifications/CompileFailed.uasset" 178
"../../../Engine/Content/EditorSounds/Notifications/CompileFailed_Cue.uasset" 179
"../../../Engine/Content/EditorSounds/Notifications/CompileSuccess.uasset" 180
"../../../Engine/Content/EditorSounds/Notifications/CompileStart_Cue.uasset" 181
"../../../Engine/Content/EditorSounds/Notifications/CompileSuccess_Cue.uasset" 182
"../../../Engine/Content/EngineDamageTypes/DmgTypeBP_Environmental.uasset" 183
"../../../Engine/Content/EngineDebugMaterials/HeatmapGradient.uasset" 184
"../../../Engine/Content/EngineDebugMaterials/BoneWeightMaterial.uasset" 185
"../../../Engine/Content/EngineDebugMaterials/ClothMaterial.uasset" 186
"../../../Engine/Content/EngineDebugMaterials/ClothMaterial_WF.uasset" 187
"../../../Engine/Content/EngineDebugMaterials/DebugEditorMaterial.uasset" 188
"../../../Engine/Content/EngineDebugMaterials/DebugMeshMaterial.uasset" 189
"../../../Engine/Content/EngineDebugMaterials/GeomMaterial.uasset" 190
"../../../Engine/Content/Functions/Engine_MaterialFunctions01/Shading/ConvertFromDiffSpec.uasset" 191
"../../../Engine/Content/EngineDebugMaterials/LevelColorationLitMaterial.uasset" 192
"../../../Engine/Content/EngineDebugMaterials/LevelColorationUnlitMaterial.uasset" 193
"../../../Engine/Content/EngineMaterials/DefaultWhiteGrid.uasset" 194
"../../../Engine/Content/EngineDebugMaterials/MAT_LevelColorationLitLightmapUV.uasset" 195
"../../../Engine/Content/EngineDebugMaterials/M_SimpleTranslucent.uasset" 196
"../../../Engine/Content/Functions/Engine_MaterialFunctions02/Utility/CameraDirectionVector.uasset" 197
"../../../Engine/Content/EngineDebugMaterials/VolumeToRender.uasset" 198
"../../../Engine/Content/EngineDebugMaterials/M_VolumeRenderSphereTracePP.uasset" 199
"../../../Engine/Content/EngineDebugMaterials/ShadedLevelColorationLitMaterial.uasset" 200
"../../../Engine/Content/EngineDebugMaterials/ShadedLevelColorationUnlitMateri.uasset" 201
"../../../Engine/Content/EngineDebugMaterials/VertexColorMaterial.uasset" 202
"../../../Engine/Content/EngineDebugMaterials/VertexColorViewMode_AlphaAsColor.uasset" 203
"../../../Engine/Content/EngineDebugMaterials/VertexColorViewMode_BlueOnly.uasset" 204
"../../../Engine/Content/EngineDebugMaterials/VertexColorViewMode_ColorOnly.uasset" 205
"../../../Engine/Content/EngineDebugMaterials/VertexColorViewMode_GreenOnly.uasset" 206
"../../../Engine/Content/EngineDebugMaterials/VertexColorViewMode_RedOnly.uasset" 207
"../../../Engine/Content/EngineDebugMaterials/WireframeMaterial.uasset" 208
"../../../Engine/Content/EngineFonts/Faces/RobotoBold.uasset" 209
"../../../Engine/Content/EngineFonts/Faces/RobotoBoldItalic.uasset" 210
"../../../Engine/Content/EngineFonts/Faces/RobotoItalic.uasset" 211
"../../../Engine/Content/EngineFonts/Faces/RobotoLight.uasset" 212
"../../../Engine/Content/EngineFonts/Faces/RobotoRegular.uasset" 213
"../../../Engine/Content/EngineFonts/Roboto.uasset" 214
"../../../Engine/Content/EngineFonts/Faces/RobotoTiny.uasset" 215
"../../../Engine/Content/EngineFonts/RobotoTiny.uasset" 216
"../../../Engine/Content/EngineFonts/SmallFont.uasset" 217
"../../../Engine/Content/EngineFonts/TinyFont.uasset" 218
"../../../Engine/Content/EngineMaterials/BaseFlattenDiffuseMap.uasset" 219
"../../../Engine/Content/EngineMaterials/BaseFlattenEmissiveMap.uasset" 220
"../../../Engine/Content/EngineMaterials/BaseFlattenGrayscaleMap.uasset" 221
"../../../Engine/Content/EngineMaterials/BaseFlattenNormalMap.uasset" 222
"../../../Engine/Content/EngineMaterials/BaseFlattenMaterial.uasset" 223
"../../../Engine/Content/EngineResources/WhiteSquareTexture.uasset" 224
"../../../Engine/Content/EngineMaterials/BlinkingCaret.uasset" 225
"../../../Engine/Content/EngineMaterials/BlueNoise.uasset" 226
"../../../Engine/Content/EngineMaterials/DefaultBloomKernel.uasset" 227
"../../../Engine/Content/EngineMaterials/DefaultBokeh.uasset" 228
"../../../Engine/Content/EngineMaterials/DefaultDiffuse.uasset" 229
"../../../Engine/Content/EngineMaterials/DefaultDeferredDecalMaterial.uasset" 230
"../../../Engine/Content/EngineMaterials/DefaultLightFunctionMaterial.uasset" 231
"../../../Engine/Content/EngineMaterials/DefaultNormal.uasset" 232
"../../../Engine/Content/EngineMaterials/DefaultPostProcessMaterial.uasset" 233
"../../../Engine/Content/EngineFonts/RobotoDistanceField.uasset" 234
"../../../Engine/Content/EngineMaterials/DefaultTextMaterialOpaque.uasset" 235
"../../../Engine/Content/EngineMaterials/DefaultVirtualTextureMaterial.uasset" 236
"../../../Engine/Content/EngineMaterials/EditorBrushMaterial.uasset" 237
"../../../Engine/Content/EngineMaterials/DefaultWhiteGrid_Low.uasset" 238
"../../../Engine/Content/EngineMaterials/EmissiveMeshMaterial.uasset" 239
"../../../Engine/Content/EngineMaterials/Good64x64TilingNoiseHighFreq.uasset" 240
"../../../Engine/Content/EngineMaterials/Grid_N.uasset" 241
"../../../Engine/Content/EngineMaterials/HighResolutionScreenshotMaskFunction.uasset" 242
"../../../Engine/Content/EngineMaterials/HighResScreenshot.uasset" 243
"../../../Engine/Content/EngineMaterials/HighResScreenshotCaptureRegion.uasset" 244
"../../../Engine/Content/EngineMaterials/HighResScreenshotMask.uasset" 245
"../../../Engine/Content/EngineMaterials/LandscapeHolePhysicalMaterial.uasset" 246
"../../../Engine/Content/EngineMaterials/InvalidLightmapSettings.uasset" 247
"../../../Engine/Content/EngineMaterials/M_InvalidLightmapSettings.uasset" 248
"../../../Engine/Content/EngineMaterials/PaperDiffuse.uasset" 249
"../../../Engine/Content/EngineMaterials/PaperNormal.uasset" 250
"../../../Engine/Content/Functions/Engine_MaterialFunctions02/WorldPositionOffset/CameraOffset.uasset" 251
"../../../Engine/Content/EngineMaterials/PhAT_JointLimitMaterial.uasset" 252
"../../../Engine/Content/EngineMaterials/PhysMat_Rubber.uasset" 253
"../../../Engine/Content/EngineMaterials/PreintegratedSkinBRDF.uasset" 254
"../../../Engine/Content/EngineMaterials/RemoveSurfaceMaterial.uasset" 255
"../../../Engine/Content/EngineMaterials/WeightMapPlaceholderTexture.uasset" 256
"../../../Engine/Content/EngineMaterials/Widget3DPassThrough.uasset" 257
"../../../Engine/Content/EngineMaterials/Widget3DPassThrough_Masked.uasset" 258
"../../../Engine/Content/EngineMaterials/Widget3DPassThrough_Opaque.uasset" 259
"../../../Engine/Content/EngineMaterials/Widget3DPassThrough_Masked_OneSided.uasset" 260
"../../../Engine/Content/EngineMaterials/Widget3DPassThrough_Opaque_OneSided.uasset" 261
"../../../Engine/Content/EngineMaterials/Widget3DPassThrough_Translucent.uasset" 262
"../../../Engine/Content/EngineMaterials/Widget3DPassThrough_Translucent_OneSided.uasset" 263
"../../../Engine/Content/EngineMeshes/Cylinder.uasset" 264
"../../../Engine/Content/EngineMeshes/Sphere.uasset" 265
"../../../Engine/Content/EngineResources/DefaultTexture.uasset" 266
"../../../Engine/Content/EngineResources/DefaultTextureCube.uasset" 267
"../../../Engine/Content/EngineResources/DefaultVolumeTexture2D.uasset" 268
"../../../Engine/Content/EngineResources/DefaultVolumeTexture.uasset" 269
"../../../Engine/Content/EngineResources/GradientTexture0.uasset" 270
"../../../Engine/Content/EngineResources/StreamingPauseIcon.uasset" 271
"../../../Engine/Content/EngineResources/M_StreamingPause.uasset" 272
"../../../Engine/Content/EngineSounds/Master.uasset" 273
"../../../Engine/Content/Functions/Engine_MaterialFunctions01/Shading/PowerToRoughness.uasset" 274
"../../../Engine/Content/Maps/Templates/Thumbnails/Default.uasset" 275
"../../../Engine/Content/Maps/Templates/Thumbnails/VR-Basic.uasset" 276
"../../../Engine/Content/MapTemplates/Sky/DaylightAmbientCubemap.uasset" 277
"../../../Engine/Content/MobileResources/T_MobileControls_texture.uasset" 278
"../../../Engine/Content/MobileResources/T_MobileMenu2.uasset" 279
"../../../Engine/Content/MobileResources/HUD/AnalogHat.uasset" 280
"../../../Engine/Content/MobileResources/HUD/VirtualJoystick_Background.uasset" 281
"../../../Engine/Content/MobileResources/HUD/VirtualJoystick_Thumb.uasset" 282
"../../../Engine/Content/MobileResources/HUD/DefaultVirtualJoysticks.uasset" 283
"../../../Engine/Content/MobileResources/HUD/LeftVirtualJoystickOnly.uasset" 284
"../../../Engine/Content/MobileResources/HUD/MobileHUDButton1_off.uasset" 285
"../../../Engine/Content/MobileResources/HUD/MobileHUDButton1_on.uasset" 286
"../../../Engine/Content/MobileResources/HUD/MobileHUDButton2_off.uasset" 287
"../../../Engine/Content/MobileResources/HUD/MobileHUDButton2_on.uasset" 288
"../../../Engine/Content/MobileResources/HUD/MobileHUDButton3.uasset" 289
"../../../Engine/Content/MobileResources/HUD/MobileHUDButtonFire.uasset" 290
"../../../Engine/Content/MobileResources/HUD/MobileHUDDirectionPad.uasset" 291
"../../../Engine/Content/MobileResources/HUD/MobileHUDDirectionPad2.uasset" 292
"../../../Engine/Content/MobileResources/HUD/MobileHUDDirectionPad3.uasset" 293
"../../../Engine/Content/MobileResources/HUD/MobileHUDDirectionStick.uasset" 294
"../../../Engine/Content/MobileResources/HUD/T_Castle_ThumbstickInner.uasset" 295
"../../../Engine/Content/MobileResources/HUD/T_Castle_ThumbstickOutter.uasset" 296
"../../../Engine/Content/Tutorial/ContentIntroCurve.uasset" 297
"../../../Engine/Content/Tutorial/Basics/LevelEditorAttract.uasset" 298
"../../../Engine/Content/Tutorial/Basics/TutorialAssets/icon_tab_Levels_40x.uasset" 299
"../../../Engine/Content/Tutorial/Basics/LevelEditorOverview.uasset" 300
"../../../Engine/Content/Tutorial/BlueprintTutorials/TutorialAssets/Blueprint_64x.uasset" 301
"../../../Engine/Content/Tutorial/BlueprintTutorials/BlueprintEditorTutorial.uasset" 302
"../../../Engine/Content/Tutorial/BlueprintTutorials/LevelBlueprintEditorOverview.uasset" 303
"../../../Engine/Content/Tutorial/BlueprintTutorials/TutorialAssets/Tutorial_BP_MacroLib.uasset" 304
"../../../Engine/Content/VREditor/LaserPointer/VR_LaserPower_01.uasset" 305
"../../../Engine/Content/VREditor/TransformGizmo/TransformGizmoMaterial.uasset" 306
"../../../Engine/Content/VREditor/TransformGizmo/TranslucentTransformGizmoMaterial.uasset" 307
"../../../Engine/Content/VREditor/TransformGizmo/BoundingBoxCorner.uasset" 308
"../../../Engine/Content/VREditor/TransformGizmo/BoundingBoxEdge.uasset" 309
"../../../Engine/Content/VREditor/TransformGizmo/PlaneTranslationHandle.uasset" 310
"../../../Engine/Content/VREditor/TransformGizmo/Main.uasset" 311
"../../../Engine/Content/VREditor/TransformGizmo/Xray.uasset" 312
"../../../Engine/Content/VREditor/TransformGizmo/SM_Sequencer_Key.uasset" 313
"../../../Engine/Content/VREditor/TransformGizmo/SM_Sequencer_Node.uasset" 314
"../../Plugins/2D/Paper2D/Content/PlaceholderTextures/DummySpriteTexture.uasset" 315
"../../Plugins/2D/Paper2D/Content/DummySprite.uasset" 316
"../../Plugins/2D/Paper2D/Content/DefaultPaperTerrainMaterial.uasset" 317
"../../Plugins/2D/Paper2D/Content/DefaultSpriteMaterial.uasset" 318
"../../Plugins/2D/Paper2D/Content/MaskedUnlitSpriteMaterial.uasset" 319
"../../Plugins/2D/Paper2D/Content/OpaqueUnlitSpriteMaterial.uasset" 320
"../../Plugins/Enterprise/DatasmithContent/Content/Blueprints/FBXImporter/ArrayOfActor.uasset" 321
"../../Plugins/Enterprise/DatasmithContent/Content/Blueprints/FBXImporter/ArrayOfSwitch.uasset" 322
"../../Plugins/Enterprise/DatasmithContent/Content/Blueprints/FBXImporter/BP_SceneNode.uasset" 323
"../../Plugins/Enterprise/DatasmithContent/Content/Blueprints/FBXImporter/BP_Switch.uasset" 324
"../../Plugins/Enterprise/DatasmithContent/Content/Blueprints/FBXImporter/BP_SceneRoot.uasset" 325
"../../Plugins/Enterprise/DatasmithContent/Content/Blueprints/FBXImporter/FBXImporterUtils.uasset" 326
"../../Plugins/Enterprise/DatasmithContent/Content/Blueprints/FBXImporter/Animation/DeltaGenAnimationTrackType.uasset" 327
"../../Plugins/Enterprise/DatasmithContent/Content/Blueprints/FBXImporter/Animation/VREDAnimationTrackComponent.uasset" 328
"../../Plugins/Enterprise/DatasmithContent/Content/Blueprints/FBXImporter/Animation/VREDAnimationTrackType.uasset" 329
"../../Plugins/Enterprise/DatasmithContent/Content/Blueprints/FBXImporter/Animation/VREDAnimCurveComponent.uasset" 330
"../../Plugins/Enterprise/DatasmithContent/Content/Blueprints/FBXImporter/Animation/VREDAnimCurveType.uasset" 331
"../../Plugins/Enterprise/DatasmithContent/Content/Blueprints/FBXImporter/Variants/VariantSwitchType.uasset" 332
"../../Plugins/Enterprise/DatasmithContent/Content/Blueprints/FBXImporter/Variants/VREDVariantSwitchType.uasset" 333
"../../Plugins/Enterprise/DatasmithContent/Content/Blueprints/FBXImporter/Variants/VREDVariantType.uasset" 334
"../../Plugins/Runtime/Oculus/OculusVR/Content/OculusMR_RenderTarget.uasset" 335
"../../../Engine/Content/Functions/Engine_MaterialFunctions02/Utility/BreakOutFloat4Components.uasset" 336
"../../Plugins/Runtime/Oculus/OculusVR/Content/Materials/OculusMR_ChromaKey.uasset" 337
"../../Plugins/Runtime/Oculus/OculusVR/Content/Materials/OculusMR_ChromaKey_Lit.uasset" 338
"../../Plugins/Runtime/Oculus/OculusVR/Content/Materials/OculusMR_OpaqueColoredMaterial.uasset" 339
"../../Plugins/Runtime/Oculus/OculusVR/Content/Materials/OculusMR_WhiteMaterial.uasset" 340
"../../Plugins/Runtime/Oculus/OculusVR/Content/Materials/PokeAHoleMaterial.uasset" 341
"../../Plugins/Runtime/Oculus/OculusVR/Content/Textures/GearVRController_AO.uasset" 342
"../../Plugins/Runtime/Oculus/OculusVR/Content/Textures/GearVRController_Color.uasset" 343
"../../Plugins/Runtime/Oculus/OculusVR/Content/Textures/GearVRController_Normal.uasset" 344
"../../Plugins/Runtime/Oculus/OculusVR/Content/Materials/GearVRControllerMaterial.uasset" 345
"../../Plugins/Runtime/Oculus/OculusVR/Content/Meshes/GearVrController.uasset" 346
"../../Plugins/Runtime/Oculus/OculusVR/Content/Textures/touchController_albedo.uasset" 347
"../../Plugins/Runtime/Oculus/OculusVR/Content/Textures/touchController_controlmap.uasset" 348
"../../Plugins/Runtime/Oculus/OculusVR/Content/Materials/touchController_mat.uasset" 349
"../../Plugins/Runtime/Oculus/OculusVR/Content/Meshes/LeftTouchController.uasset" 350
"../../Plugins/Runtime/Oculus/OculusVR/Content/Meshes/RiftHMD.uasset" 351
"../../Plugins/Runtime/Oculus/OculusVR/Content/Meshes/RightTouchController.uasset" 352
"../../../Project/EyeTracking/Plugins/TobiiEyetracking/Content/Sample/Common/Audio/Grab1.uasset" 353
"../../../Project/EyeTracking/Plugins/TobiiEyetracking/Content/Sample/Common/Audio/Grab2.uasset" 354
"../../../Project/EyeTracking/Plugins/TobiiEyetracking/Content/Sample/Common/Audio/Grab3.uasset" 355
"../../../Project/EyeTracking/Plugins/TobiiEyetracking/Content/Sample/Common/Audio/StoneDrop1.uasset" 356
"../../../Project/EyeTracking/Plugins/TobiiEyetracking/Content/Sample/Common/Audio/StoneDrop2.uasset" 357
"../../../Project/EyeTracking/Plugins/TobiiEyetracking/Content/Sample/Common/Audio/StoneDrop3.uasset" 358
"../../../Project/EyeTracking/Plugins/TobiiEyetracking/Content/Sample/Common/Audio/StoneDrop4.uasset" 359
"../../../Project/EyeTracking/Plugins/TobiiEyetracking/Content/Sample/Common/Audio/Throw1.uasset" 360
"../../../Project/EyeTracking/Plugins/TobiiEyetracking/Content/Sample/Common/Audio/Throw2.uasset" 361
"../../../Project/EyeTracking/Plugins/TobiiEyetracking/Content/Sample/Common/Audio/Throw3.uasset" 362
"../../../Project/EyeTracking/Plugins/TobiiEyetracking/Content/Sample/Common/Audio/Throw4.uasset" 363
"../../../Project/EyeTracking/Plugins/TobiiEyetracking/Content/Sample/Desktop/ShooterScene/SK_Mannequin_Arms_Skeleton.uasset" 364
"../../../Project/EyeTracking/Plugins/TobiiEyetracking/Content/Sample/Desktop/ShooterScene/FirstPerson_Idle.uasset" 365
"../../../Project/EyeTracking/Plugins/TobiiEyetracking/Content/Sample/Desktop/ShooterScene/FirstPerson_JumpEnd.uasset" 366
"../../../Project/EyeTracking/Plugins/TobiiEyetracking/Content/Sample/Desktop/ShooterScene/FirstPerson_JumpLoop.uasset" 367
"../../../Project/EyeTracking/Plugins/TobiiEyetracking/Content/Sample/Desktop/ShooterScene/FirstPerson_JumpStart.uasset" 368
"../../../Project/EyeTracking/Plugins/TobiiEyetracking/Content/Sample/Desktop/ShooterScene/FirstPerson_Run.uasset" 369
"../../../Project/EyeTracking/Plugins/TobiiEyetracking/Content/Sample/Desktop/ShooterScene/FirstPerson_AnimBP.uasset" 370
"../../../Project/EyeTracking/Plugins/TobiiEyetracking/Content/Sample/Desktop/ShooterScene/FirstPerson_Fire.uasset" 371
"../../../Project/EyeTracking/Plugins/TobiiEyetracking/Content/Sample/Desktop/ShooterScene/FirstPersonFire_Montage.uasset" 372
"../../../Project/EyeTracking/Plugins/TobiiEyetracking/Content/Sample/Common/Blueprints/BPI_Attackable.uasset" 373
"../../../Project/EyeTracking/Plugins/TobiiEyetracking/Content/Sample/Common/Blueprints/BPI_Control.uasset" 374
"../../../Project/EyeTracking/Plugins/TobiiEyetracking/Content/Sample/Common/Blueprints/BPI_CustomHighlight.uasset" 375
"../../../Project/EyeTracking/Plugins/TobiiEyetracking/Content/Sample/Common/Visuals/M_GazeVizDecal.uasset" 376
"../../../Project/EyeTracking/Plugins/TobiiEyetracking/Content/Sample/Common/Blueprints/BP_GazeVisualizer.uasset" 377
"../../../Project/EyeTracking/Plugins/TobiiEyetracking/Content/Sample/Common/Visuals/M_Button_Off.uasset" 378
"../../../Project/EyeTracking/Plugins/TobiiEyetracking/Content/Sample/Common/Visuals/M_Button_On.uasset" 379
"../../../Engine/Content/BasicShapes/Cylinder.uasset" 380
"../../../Engine/Content/VREditor/BasicMeshes/T_CleanFloorGrunge_01_D.uasset" 381
"../../../Engine/Content/VREditor/BasicMeshes/M_Floor_01.uasset" 382
"../../../Engine/Content/VREditor/BasicMeshes/MI_Cube_01.uasset" 383
"../../../Engine/Content/VREditor/BasicMeshes/SM_Cube_01.uasset" 384
"../../../Project/EyeTracking/Plugins/TobiiEyetracking/Content/Sample/XR/W_DebugInfoWidget.uasset" 385
"../../../Project/EyeTracking/Plugins/TobiiEyetracking/Content/Sample/XR/BP_DebugInfoTablet.uasset" 386
"../../../Project/EyeTracking/Plugins/TobiiEyetracking/Content/Sample/Common/Visuals/Widget3DPassThrough_Translucent_NoDepth.uasset" 387
"../../../Project/EyeTracking/Plugins/TobiiEyetracking/Content/Sample/Common/Visuals/T_DebugTabletItem.uasset" 388
"../../../Project/EyeTracking/Plugins/TobiiEyetracking/Content/Sample/Common/Visuals/T_SelectionBorder.uasset" 389
"../../../Project/EyeTracking/Plugins/TobiiEyetracking/Content/Sample/Common/Visuals/T_TutorialTabletItem.uasset" 390
"../../../Project/EyeTracking/Plugins/TobiiEyetracking/Content/Sample/XR/E_Tools.uasset" 391
"../../../Project/EyeTracking/Plugins/TobiiEyetracking/Content/Sample/XR/W_ToolSelectMenu.uasset" 392
"../../../Project/EyeTracking/Plugins/TobiiEyetracking/Content/Sample/XR/BP_ToolSelectMenu.uasset" 393
"../../../Project/EyeTracking/Plugins/TobiiEyetracking/Content/Sample/Common/Visuals/T_TobiiTutorial.uasset" 394
"../../../Project/EyeTracking/Plugins/TobiiEyetracking/Content/Sample/XR/W_TutorialWidget.uasset" 395
"../../../Project/EyeTracking/Plugins/TobiiEyetracking/Content/Sample/XR/BP_TutorialTablet.uasset" 396
"../../../Project/EyeTracking/Plugins/TobiiEyetracking/Content/Sample/Common/Blueprints/BPI_FocusInteractable.uasset" 397
"../../../Project/EyeTracking/Plugins/TobiiEyetracking/Content/Sample/XR/BP_XRExamplePlayerController.uasset" 398
"../../../Project/EyeTracking/Plugins/TobiiEyetracking/Content/Sample/XR/BPI_Grabbable.uasset" 399
"../../../Engine/Content/Functions/Engine_MaterialFunctions02/Fresnel_Function.uasset" 400
"../../../Engine/Content/Functions/Engine_MaterialFunctions03/Particles/Distance_Blend.uasset" 401
"../../../Project/EyeTracking/Plugins/TobiiEyetracking/Content/Sample/Common/Environment/Textures/T_BrushStrokes_A.uasset" 402
"../../../Project/EyeTracking/Plugins/TobiiEyetracking/Content/Sample/Common/Environment/Materials/M_Stone_Path.uasset" 403
"../../../Project/EyeTracking/Plugins/TobiiEyetracking/Content/Sample/Common/Visuals/M_ThrowingRock.uasset" 404
"../../../Project/EyeTracking/Plugins/TobiiEyetracking/Content/Sample/Common/Audio/StoneOnBush.uasset" 405
"../../../Project/EyeTracking/Plugins/TobiiEyetracking/Content/Sample/Common/Audio/StoneOnGlass.uasset" 406
"../../../Project/EyeTracking/Plugins/TobiiEyetracking/Content/Sample/Common/Audio/StoneOnStone.uasset" 407
"../../../Project/EyeTracking/Plugins/TobiiEyetracking/Content/Sample/Common/Audio/StoneOnWater.uasset" 408
"../../../Project/EyeTracking/Plugins/TobiiEyetracking/Content/Sample/Common/Audio/StoneOnWood.uasset" 409
"../../../Project/EyeTracking/Plugins/TobiiEyetracking/Content/Sample/Common/Audio/Throw.uasset" 410
"../../../Project/EyeTracking/Plugins/TobiiEyetracking/Content/Sample/Common/Physics/PM_Stone.uasset" 411
"../../../Project/EyeTracking/Plugins/TobiiEyetracking/Content/Sample/Common/Visuals/SM_TobiiRock.uasset" 412
"../../../Project/EyeTracking/Plugins/TobiiEyetracking/Content/Sample/XR/ThrowingScene/BP_ThrowingRock.uasset" 413
"../../../Project/EyeTracking/Plugins/TobiiEyetracking/Content/Sample/Common/Audio/Grab.uasset" 414
"../../../Engine/Content/EditorMeshes/ColorCalibrator/M_ClearCoatBlack.uasset" 415
"../../../Project/EyeTracking/Plugins/TobiiEyetracking/Content/Sample/Common/Visuals/T_TobiiControllerDiff.uasset" 416
"../../../Project/EyeTracking/Plugins/TobiiEyetracking/Content/Sample/Common/Visuals/M_TobiiController.uasset" 417
"../../../Project/EyeTracking/Plugins/TobiiEyetracking/Content/Sample/Common/Visuals/M_TobiiControllerButtons.uasset" 418
"../../../Project/EyeTracking/Plugins/TobiiEyetracking/Content/Sample/Common/Visuals/SM_TobiiController.uasset" 419
"../../../Project/EyeTracking/Plugins/TobiiEyetracking/Content/Sample/XR/BP_XRExamplePawn.uasset" 420
"../../../Project/EyeTracking/Plugins/TobiiEyetracking/Content/Sample/Common/Blueprints/BP_BaseExamplePlayerController.uasset" 421
"../../../Project/EyeTracking/Plugins/TobiiEyetracking/Content/Sample/Desktop/BP_InfiniteScreenCameraModifier.uasset" 422
"../../../Project/EyeTracking/Plugins/TobiiEyetracking/Content/Sample/Common/Visuals/M_GrenadeMaterial.uasset" 423
"../../../Engine/Content/BasicShapes/Sphere.uasset" 424
"../../../Project/EyeTracking/Plugins/TobiiEyetracking/Content/Sample/Desktop/SimulationScene/BP_GatlingBullet.uasset" 425
"../../../Project/EyeTracking/Plugins/TobiiEyetracking/Content/Sample/Common/Visuals/T_GatlingButton.uasset" 426
"../../../Project/EyeTracking/Plugins/TobiiEyetracking/Content/Sample/Common/Visuals/T_GatlingButtonPressed.uasset" 427
"../../../Project/EyeTracking/Plugins/TobiiEyetracking/Content/Sample/Common/Visuals/T_RocketButton.uasset" 428
"../../../Project/EyeTracking/Plugins/TobiiEyetracking/Content/Sample/Common/Visuals/T_RocketButtonPressed.uasset" 429
"../../../Project/EyeTracking/Plugins/TobiiEyetracking/Content/Sample/Desktop/SimulationScene/W_SimulationUI_Bottom.uasset" 430
"../../../Project/EyeTracking/Plugins/TobiiEyetracking/Content/Sample/Common/Visuals/T_heli_gamepad_legend.uasset" 431
"../../../Project/EyeTracking/Plugins/TobiiEyetracking/Content/Sample/Common/Visuals/T_SideHUD.uasset" 432
"../../../Project/EyeTracking/Plugins/TobiiEyetracking/Content/Sample/Desktop/SimulationScene/W_SimulationUI_Left.uasset" 433
"../../../Project/EyeTracking/Plugins/TobiiEyetracking/Content/Sample/Desktop/SimulationScene/W_SimulationUI_Right.uasset" 434
"../../../Project/EyeTracking/Plugins/TobiiEyetracking/Content/Sample/Desktop/SimulationScene/BP_HelicopterUI.uasset" 435
"../../../Project/EyeTracking/Plugins/TobiiEyetracking/Content/Sample/Common/Audio/Explosion.uasset" 436
"../../../Engine/Content/EngineResources/Black.uasset" 437
"../../../Project/EyeTracking/Plugins/TobiiEyetracking/Content/Sample/Common/Effects/Masters/M_Add_Sprite_SubUV_Master.uasset" 438
"../../../Project/EyeTracking/Plugins/TobiiEyetracking/Content/Sample/Common/Effects/FX_Textures/Fire/T_Fire_subUV_6X6.uasset" 439
"../../../Project/EyeTracking/Plugins/TobiiEyetracking/Content/Sample/Common/Effects/FX_Materials/Fire/M_Fire_01_Add_6X6_INST.uasset" 440
"../../../Project/EyeTracking/Plugins/TobiiEyetracking/Content/Sample/Common/Effects/FX_Textures/Tile/T_Black_32.uasset" 441
"../../../Project/EyeTracking/Plugins/TobiiEyetracking/Content/Sample/Common/Effects/Masters/M_Add_Trail_2Sided_Pan_Master.uasset" 442
"../../../Project/EyeTracking/Plugins/TobiiEyetracking/Content/Sample/Common/Effects/FX_Textures/Fire/T_FireBlastTile.uasset" 443
"../../../Project/EyeTracking/Plugins/TobiiEyetracking/Content/Sample/Common/Effects/FX_Materials/Fire/M_Fire_Sheet_01_INST.uasset" 444
"../../../Project/EyeTracking/Plugins/TobiiEyetracking/Content/Sample/Common/Effects/Masters/M_Add_Sprite_Master.uasset" 445
"../../../Project/EyeTracking/Plugins/TobiiEyetracking/Content/Sample/Common/Effects/FX_Textures/Gradient/T_starFlare_03.uasset" 446
"../../../Project/EyeTracking/Plugins/TobiiEyetracking/Content/Sample/Common/Effects/FX_Materials/Gradient/M_Flare_04_INST.uasset" 447
"../../../Project/EyeTracking/Plugins/TobiiEyetracking/Content/Sample/Common/Effects/FX_Textures/Spark/T_Sparks_03_SubUV_1_4.uasset" 448
"../../../Project/EyeTracking/Plugins/TobiiEyetracking/Content/Sample/Common/Effects/FX_Materials/Spark/M_Spark_03_1_4_INST.uasset" 449
"../../../Project/EyeTracking/Plugins/TobiiEyetracking/Content/Sample/Common/Effects/FX_Meshes/Skills/SM_FireBlastMesh.uasset" 450
"../../../Project/EyeTracking/Plugins/TobiiEyetracking/Content/Sample/Common/Effects/P_FireBombExplosion.uasset" 451
"../../../Project/EyeTracking/Plugins/TobiiEyetracking/Content/Sample/Common/Visuals/T_ToonRocket_Diffuse.uasset" 452
"../../../Project/EyeTracking/Plugins/TobiiEyetracking/Content/Sample/Common/Visuals/T_ToonRocket_Metallic.uasset" 453
"../../../Project/EyeTracking/Plugins/TobiiEyetracking/Content/Sample/Common/Visuals/T_ToonRocket_Normal.uasset" 454
"../../../Project/EyeTracking/Plugins/TobiiEyetracking/Content/Sample/Common/Visuals/M_ToonRocket.uasset" 455
"../../../Project/EyeTracking/Plugins/TobiiEyetracking/Content/Sample/Common/Visuals/SM_ToonRocket.uasset" 456
"../../../Project/EyeTracking/Plugins/TobiiEyetracking/Content/Sample/Common/Visuals/T_Bubbles.uasset" 457
"../../../Project/EyeTracking/Plugins/TobiiEyetracking/Content/Sample/Common/Visuals/M_Bubbles.uasset" 458
"../../../Project/EyeTracking/Plugins/TobiiEyetracking/Content/Sample/Desktop/SimulationScene/PS_ToonRocketThruster.uasset" 459
"../../../Project/EyeTracking/Plugins/TobiiEyetracking/Content/Sample/Desktop/SimulationScene/BP_HomingMissile.uasset" 460
"../../../Engine/Content/Functions/Engine_MaterialFunctions02/Texturing/WorldPositionWithScale.uasset" 461
"../../../Project/EyeTracking/Plugins/TobiiEyetracking/Content/Sample/Common/Environment/Textures/T_Wood_Sheet.uasset" 462
"../../../Project/EyeTracking/Plugins/TobiiEyetracking/Content/Sample/Common/Visuals/M_Barrel.uasset" 463
"../../../Project/EyeTracking/Plugins/TobiiEyetracking/Content/Sample/Desktop/SimulationScene/ShipBodyMesh.uasset" 464
"../../../Project/EyeTracking/Plugins/TobiiEyetracking/Content/Sample/Desktop/SimulationScene/BP_HelicopterPawn.uasset" 465
"../../../Project/EyeTracking/Plugins/TobiiEyetracking/Content/Sample/Common/Visuals/Health.uasset" 466
"../../../Project/EyeTracking/Plugins/TobiiEyetracking/Content/Sample/Desktop/ShooterScene/W_DesktopExampleHUD.uasset" 467
"../../../Project/EyeTracking/Plugins/TobiiEyetracking/Content/Sample/Desktop/BP_DesktopExamplePlayerController.uasset" 468
"../../../Project/EyeTracking/Plugins/TobiiEyetracking/Content/Sample/Common/Physics/PM_Grenade.uasset" 469
"../../../Project/EyeTracking/Plugins/TobiiEyetracking/Content/Sample/Common/Visuals/T_HandGrenadeMK2Green.uasset" 470
"../../../Project/EyeTracking/Plugins/TobiiEyetracking/Content/Sample/Common/Visuals/M_MK2.uasset" 471
"../../../Project/EyeTracking/Plugins/TobiiEyetracking/Content/Sample/Common/Visuals/T_HandGrenadeMetal.uasset" 472
"../../../Project/EyeTracking/Plugins/TobiiEyetracking/Content/Sample/Common/Visuals/M_MK2MeTal.uasset" 473
"../../../Project/EyeTracking/Plugins/TobiiEyetracking/Content/Sample/Common/Visuals/T_HandGrenademk2Yellow.uasset" 474
"../../../Project/EyeTracking/Plugins/TobiiEyetracking/Content/Sample/Common/Visuals/M_MK2Y.uasset" 475
"../../../Project/EyeTracking/Plugins/TobiiEyetracking/Content/Sample/Common/Visuals/SM_HandGrenade.uasset" 476
"../../../Project/EyeTracking/Plugins/TobiiEyetracking/Content/Sample/Desktop/ShooterScene/BP_Grenade.uasset" 477
"../../../Project/EyeTracking/Plugins/TobiiEyetracking/Content/Sample/Common/Effects/Masters/M_Add_Sprite_Master_DepthFade.uasset" 478
"../../../Project/EyeTracking/Plugins/TobiiEyetracking/Content/Sample/Common/Effects/FX_Textures/Gradient/T_starFlare_02.uasset" 479
"../../../Project/EyeTracking/Plugins/TobiiEyetracking/Content/Sample/Common/Effects/FX_Materials/Gradient/M_Flare_02_INST.uasset" 480
"../../../Project/EyeTracking/Plugins/TobiiEyetracking/Content/Sample/Common/Effects/Masters/M_Add_Sprite_2Sided_Master.uasset" 481
"../../../Project/EyeTracking/Plugins/TobiiEyetracking/Content/Sample/Common/Effects/FX_Textures/Gradient/T_SwipeTrail.uasset" 482
"../../../Project/EyeTracking/Plugins/TobiiEyetracking/Content/Sample/Common/Effects/FX_Materials/Trails/M_Swipe_Mesh_Add_2Sided_01_INST.uasset" 483
"../../../Project/EyeTracking/Plugins/TobiiEyetracking/Content/Sample/Common/Effects/FX_Meshes/Skills/SM_SpinSpiral.uasset" 484
"../../../Project/EyeTracking/Plugins/TobiiEyetracking/Content/Sample/Common/Effects/FX_Mobile/ICE/combat/P_AOE_Ice_CircleAttack.uasset" 485
"../../../Project/EyeTracking/Plugins/TobiiEyetracking/Content/Sample/Desktop/ShooterScene/BP_IceJauntCastingAnimation.uasset" 486
"../../../Project/EyeTracking/Plugins/TobiiEyetracking/Content/Sample/Common/Audio/Wind.uasset" 487
"../../../Project/EyeTracking/Plugins/TobiiEyetracking/Content/Sample/Common/Audio/SC_IceJauntCharging.uasset" 488
"../../../Project/EyeTracking/Plugins/TobiiEyetracking/Content/Sample/Common/Audio/KnifeSlash.uasset" 489
"../../../Project/EyeTracking/Plugins/TobiiEyetracking/Content/Sample/Common/Audio/SC_IceJauntExplosion.uasset" 490
"../../../Project/EyeTracking/Plugins/TobiiEyetracking/Content/Sample/Common/Effects/FX_Textures/Ice/T_IceChunks.uasset" 491
"../../../Project/EyeTracking/Plugins/TobiiEyetracking/Content/Sample/Common/Effects/FX_Materials/ICE/M_IceChunksBase.uasset" 492
"../../../Project/EyeTracking/Plugins/TobiiEyetracking/Content/Sample/Common/Effects/FX_Textures/Ice/T_IceStrips.uasset" 493
"../../../Project/EyeTracking/Plugins/TobiiEyetracking/Content/Sample/Common/Effects/FX_Materials/ICE/M_IceSkills_Base_Lit.uasset" 494
"../../../Project/EyeTracking/Plugins/TobiiEyetracking/Content/Sample/Common/Effects/FX_Textures/Ice/T_IceShards_E.uasset" 495
"../../../Project/EyeTracking/Plugins/TobiiEyetracking/Content/Sample/Common/Effects/FX_Textures/Ice/T_JaggedRockSnowy_01_D.uasset" 496
"../../../Project/EyeTracking/Plugins/TobiiEyetracking/Content/Sample/Common/Effects/FX_Textures/Ice/T_JaggedRockSnowy_01_N.uasset" 497
"../../../Project/EyeTracking/Plugins/TobiiEyetracking/Content/Sample/Common/Effects/FX_Materials/ICE/M_JaggedRockIce_MeshEmit.uasset" 498
"../../../Project/EyeTracking/Plugins/TobiiEyetracking/Content/Sample/Common/Effects/FX_Textures/Gradient/T_SoftFallOff.uasset" 499
"../../../Project/EyeTracking/Plugins/TobiiEyetracking/Content/Sample/Common/Effects/FX_Materials/Gradient/M_Flare_03_INST.uasset" 500
"../../../Project/EyeTracking/Plugins/TobiiEyetracking/Content/Sample/Common/Effects/FX_Textures/Gradient/T_GlowFlare_Circular_02.uasset" 501
"../../../Project/EyeTracking/Plugins/TobiiEyetracking/Content/Sample/Common/Effects/FX_Materials/Gradient/M_Flare_07_INST.uasset" 502
"../../../Project/EyeTracking/Plugins/TobiiEyetracking/Content/Sample/Common/Effects/FX_Textures/Gradient/T_LightCone.uasset" 503
"../../../Project/EyeTracking/Plugins/TobiiEyetracking/Content/Sample/Common/Effects/FX_Materials/Gradient/M_Flare_Vertical_02_Inst.uasset" 504
"../../../Project/EyeTracking/Plugins/TobiiEyetracking/Content/Sample/Common/Effects/FX_Textures/Gradient/T_BlastWave.uasset" 505
"../../../Project/EyeTracking/Plugins/TobiiEyetracking/Content/Sample/Common/Effects/FX_Materials/M_Shockwave_01_ADD_INST.uasset" 506
"../../../Project/EyeTracking/Plugins/TobiiEyetracking/Content/Sample/Common/Effects/FX_Meshes/ICE/SM_IceSkill_AOE.uasset" 507
"../../../Project/EyeTracking/Plugins/TobiiEyetracking/Content/Sample/Common/Effects/FX_Meshes/ICE/SM_IceSkill_AOE_outer.uasset" 508
"../../../Project/EyeTracking/Plugins/TobiiEyetracking/Content/Sample/Common/Effects/FX_Mobile/ICE/P_levelUp_Ice.uasset" 509
"../../../Project/EyeTracking/Plugins/TobiiEyetracking/Content/Sample/Desktop/ShooterScene/BP_IceJauntSpell.uasset" 510
"../../../Engine/Content/Functions/Engine_MaterialFunctions01/Texturing/BitMask.uasset" 511
"../../../Project/EyeTracking/Plugins/TobiiEyetracking/Content/Sample/Common/Visuals/MF_SampleVisibleCustomStencil.uasset" 512
"../../../Project/EyeTracking/Plugins/TobiiEyetracking/Content/Sample/Common/Visuals/M_TobiiOutline.uasset" 513
"../../../Project/EyeTracking/Plugins/TobiiEyetracking/Content/Sample/Common/Audio/WeaponFire02.uasset" 514
"../../../Project/EyeTracking/Plugins/TobiiEyetracking/Content/Sample/Common/Visuals/M_Beam.uasset" 515
"../../../Project/EyeTracking/Plugins/TobiiEyetracking/Content/Sample/Common/Effects/PS_Beam.uasset" 516
"../../../Project/EyeTracking/Plugins/TobiiEyetracking/Content/Sample/Desktop/E_CharacterMode.uasset" 517
"../../../Engine/Content/Functions/Engine_MaterialFunctions02/Utility/BlendAngleCorrectedNormals.uasset" 518
"../../../Engine/Content/Functions/MaterialLayerFunctions/MatLayerBlend_NormalBlend.uasset" 519
"../../../Engine/Content/Functions/MaterialLayerFunctions/MatLayerBlend_Simple.uasset" 520
"../../../Project/EyeTracking/Plugins/TobiiEyetracking/Content/Sample/Common/Visuals/T_ML_Rubber_Blue_01_D.uasset" 521
"../../../Project/EyeTracking/Plugins/TobiiEyetracking/Content/Sample/Common/Visuals/T_ML_Rubber_Blue_01_N.uasset" 522
"../../../Project/EyeTracking/Plugins/TobiiEyetracking/Content/Sample/Common/Visuals/ML_GlossyBlack_Latex_UE4.uasset" 523
"../../../Project/EyeTracking/Plugins/TobiiEyetracking/Content/Sample/Common/Visuals/ML_Plastic_Shiny_Beige.uasset" 524
"../../../Project/EyeTracking/Plugins/TobiiEyetracking/Content/Sample/Common/Visuals/ML_Screen.uasset" 525
"../../../Project/EyeTracking/Plugins/TobiiEyetracking/Content/Sample/Common/Visuals/T_ML_Aluminum01.uasset" 526
"../../../Project/EyeTracking/Plugins/TobiiEyetracking/Content/Sample/Common/Visuals/T_ML_Aluminum01_N.uasset" 527
"../../../Project/EyeTracking/Plugins/TobiiEyetracking/Content/Sample/Common/Visuals/ML_SoftMetal_UE4.uasset" 528
"../../../Project/EyeTracking/Plugins/TobiiEyetracking/Content/Sample/Common/Visuals/T_FPGun_M.uasset" 529
"../../../Project/EyeTracking/Plugins/TobiiEyetracking/Content/Sample/Common/Visuals/T_FPGun_N.uasset" 530
"../../../Project/EyeTracking/Plugins/TobiiEyetracking/Content/Sample/Common/Visuals/M_FPGun.uasset" 531
"../../../Project/EyeTracking/Plugins/TobiiEyetracking/Content/Sample/Desktop/ShooterScene/SK_FPGun_Skeleton.uasset" 532
"../../../Project/EyeTracking/Plugins/TobiiEyetracking/Content/Sample/Desktop/ShooterScene/SK_FPGun.uasset" 533
"../../../Project/EyeTracking/Plugins/TobiiEyetracking/Content/Sample/Common/Visuals/UE4_LOGO_CARD.uasset" 534
"../../../Project/EyeTracking/Plugins/TobiiEyetracking/Content/Sample/Common/Visuals/ML_Plastic_Shiny_Beige_LOGO.uasset" 535
"../../../Project/EyeTracking/Plugins/TobiiEyetracking/Content/Sample/Common/Visuals/UE4_Mannequin__normals.uasset" 536
"../../../Project/EyeTracking/Plugins/TobiiEyetracking/Content/Sample/Common/Visuals/UE4_Mannequin_MAT_MASKA.uasset" 537
"../../../Project/EyeTracking/Plugins/TobiiEyetracking/Content/Sample/Common/Visuals/M_UE4Man_Body.uasset" 538
"../../../Project/EyeTracking/Plugins/TobiiEyetracking/Content/Sample/Desktop/ShooterScene/SK_Mannequin_Arms_PhysicsAsset.uasset" 539
"../../../Project/EyeTracking/Plugins/TobiiEyetracking/Content/Sample/Desktop/ShooterScene/SK_Mannequin_Arms.uasset" 540
"../../../Project/EyeTracking/Plugins/TobiiEyetracking/Content/Sample/Desktop/BP_DesktopExampleCharacter.uasset" 541
"../../../Project/EyeTracking/Plugins/TobiiEyetracking/Content/Sample/Common/Blueprints/BPL_TobiiSamples.uasset" 542
"../../../Project/EyeTracking/Plugins/TobiiEyetracking/Content/Sample/Common/Blueprints/E_InfoPage.uasset" 543
"../../../Engine/Content/Maps/Entry_BuiltData.uasset" 544
"../../../Engine/Content/Maps/Entry.umap" 545
"../../../Project/EyeTracking/Content/BP_Class/BP_Pawn.uasset" 546
"../../../Project/EyeTracking/Content/BP_Class/BP_GameMode.uasset" 547
"../../../Engine/Content/BasicShapes/BasicShapeMaterial.uasset" 548
"../../../Project/EyeTracking/Content/StarterContent/Materials/M_Basic_Wall.uasset" 549
"../../../Project/EyeTracking/Content/StarterContent/Shapes/Shape_Cube.uasset" 550
"../../../Project/EyeTracking/Content/BP_Class/Zone.uasset" 551
"../../../Project/EyeTracking/Content/BP_Class/BP_Gaze.uasset" 552
"../../../Project/EyeTracking/Content/BP_Class/BP_PortConfig.uasset" 553
"../../../Project/EyeTracking/Content/Map/EyeTracking.umap" 554
